Created by PLY version 3.11 (http://www.dabeaz.com/ply)

Unused terminals:

    MENOS

Grammar

Rule 0     S' -> expresion
Rule 1     expresion -> RESERVADA PARIZQ RESERVADA IDENTIFICADOR ASIGNAR ENTERO PUNTOCOMA IDENTIFICADOR MENORIGUAL ENTERO PUNTOCOMA IDENTIFICADOR PLUSPLUS PARDER LLAIZQ RESERVADA PUNTO IDENTIFICADOR PUNTO RESERVADA PARIZQ COMDOB IDENTIFICADOR DOSPUNTO COMDOB SUMA IDENTIFICADOR PARDER PUNTOCOMA LLADER
Rule 2     expresion -> RESERVADA PUNTO IDENTIFICADOR PUNTO RESERVADA PARIZQ COMDOB IDENTIFICADOR DOSPUNTO COMDOB SUMA IDENTIFICADOR PARDER PUNTOCOMA
Rule 3     expresion -> LLAIZQ LLADER
Rule 4     expresion -> RESERVADA IDENTIFICADOR PARIZQ PARDER LLAIZQ RESERVADA IDENTIFICADOR IDENTIFICADOR IDENTIFICADOR PUNTOCOMA RESERVADA IDENTIFICADOR PUNTOCOMA RESERVADA IDENTIFICADOR PUNTOCOMA IDENTIFICADOR ASIGNAR IDENTIFICADOR SUMA IDENTIFICADOR PUNTOCOMA RESERVADA PARIZQ COMDOB IDENTIFICADOR COMDOB PARDER RESERVADA PUNTOCOMA LLADER

Terminals, with rules where they appear

ASIGNAR              : 1 4
COMDOB               : 1 1 2 2 4 4
DOSPUNTO             : 1 2
ENTERO               : 1 1
IDENTIFICADOR        : 1 1 1 1 1 1 2 2 2 4 4 4 4 4 4 4 4 4 4
LLADER               : 1 3 4
LLAIZQ               : 1 3 4
MENORIGUAL           : 1
MENOS                : 
PARDER               : 1 1 2 4 4
PARIZQ               : 1 1 2 4 4
PLUSPLUS             : 1
PUNTO                : 1 1 2 2
PUNTOCOMA            : 1 1 1 2 4 4 4 4 4
RESERVADA            : 1 1 1 1 2 2 4 4 4 4 4 4
SUMA                 : 1 2 4
error                : 

Nonterminals, with rules where they appear

expresion            : 0

Parsing method: LALR

state 0

    (0) S' -> . expresion
    (1) expresion -> . RESERVADA PARIZQ RESERVADA IDENTIFICADOR ASIGNAR ENTERO PUNTOCOMA IDENTIFICADOR MENORIGUAL ENTERO PUNTOCOMA IDENTIFICADOR PLUSPLUS PARDER LLAIZQ RESERVADA PUNTO IDENTIFICADOR PUNTO RESERVADA PARIZQ COMDOB IDENTIFICADOR DOSPUNTO COMDOB SUMA IDENTIFICADOR PARDER PUNTOCOMA LLADER
    (2) expresion -> . RESERVADA PUNTO IDENTIFICADOR PUNTO RESERVADA PARIZQ COMDOB IDENTIFICADOR DOSPUNTO COMDOB SUMA IDENTIFICADOR PARDER PUNTOCOMA
    (3) expresion -> . LLAIZQ LLADER
    (4) expresion -> . RESERVADA IDENTIFICADOR PARIZQ PARDER LLAIZQ RESERVADA IDENTIFICADOR IDENTIFICADOR IDENTIFICADOR PUNTOCOMA RESERVADA IDENTIFICADOR PUNTOCOMA RESERVADA IDENTIFICADOR PUNTOCOMA IDENTIFICADOR ASIGNAR IDENTIFICADOR SUMA IDENTIFICADOR PUNTOCOMA RESERVADA PARIZQ COMDOB IDENTIFICADOR COMDOB PARDER RESERVADA PUNTOCOMA LLADER

    RESERVADA       shift and go to state 2
    LLAIZQ          shift and go to state 3

    expresion                      shift and go to state 1

state 1

    (0) S' -> expresion .



state 2

    (1) expresion -> RESERVADA . PARIZQ RESERVADA IDENTIFICADOR ASIGNAR ENTERO PUNTOCOMA IDENTIFICADOR MENORIGUAL ENTERO PUNTOCOMA IDENTIFICADOR PLUSPLUS PARDER LLAIZQ RESERVADA PUNTO IDENTIFICADOR PUNTO RESERVADA PARIZQ COMDOB IDENTIFICADOR DOSPUNTO COMDOB SUMA IDENTIFICADOR PARDER PUNTOCOMA LLADER
    (2) expresion -> RESERVADA . PUNTO IDENTIFICADOR PUNTO RESERVADA PARIZQ COMDOB IDENTIFICADOR DOSPUNTO COMDOB SUMA IDENTIFICADOR PARDER PUNTOCOMA
    (4) expresion -> RESERVADA . IDENTIFICADOR PARIZQ PARDER LLAIZQ RESERVADA IDENTIFICADOR IDENTIFICADOR IDENTIFICADOR PUNTOCOMA RESERVADA IDENTIFICADOR PUNTOCOMA RESERVADA IDENTIFICADOR PUNTOCOMA IDENTIFICADOR ASIGNAR IDENTIFICADOR SUMA IDENTIFICADOR PUNTOCOMA RESERVADA PARIZQ COMDOB IDENTIFICADOR COMDOB PARDER RESERVADA PUNTOCOMA LLADER

    PARIZQ          shift and go to state 4
    PUNTO           shift and go to state 6
    IDENTIFICADOR   shift and go to state 5


state 3

    (3) expresion -> LLAIZQ . LLADER

    LLADER          shift and go to state 7


state 4

    (1) expresion -> RESERVADA PARIZQ . RESERVADA IDENTIFICADOR ASIGNAR ENTERO PUNTOCOMA IDENTIFICADOR MENORIGUAL ENTERO PUNTOCOMA IDENTIFICADOR PLUSPLUS PARDER LLAIZQ RESERVADA PUNTO IDENTIFICADOR PUNTO RESERVADA PARIZQ COMDOB IDENTIFICADOR DOSPUNTO COMDOB SUMA IDENTIFICADOR PARDER PUNTOCOMA LLADER

    RESERVADA       shift and go to state 8


state 5

    (4) expresion -> RESERVADA IDENTIFICADOR . PARIZQ PARDER LLAIZQ RESERVADA IDENTIFICADOR IDENTIFICADOR IDENTIFICADOR PUNTOCOMA RESERVADA IDENTIFICADOR PUNTOCOMA RESERVADA IDENTIFICADOR PUNTOCOMA IDENTIFICADOR ASIGNAR IDENTIFICADOR SUMA IDENTIFICADOR PUNTOCOMA RESERVADA PARIZQ COMDOB IDENTIFICADOR COMDOB PARDER RESERVADA PUNTOCOMA LLADER

    PARIZQ          shift and go to state 9


state 6

    (2) expresion -> RESERVADA PUNTO . IDENTIFICADOR PUNTO RESERVADA PARIZQ COMDOB IDENTIFICADOR DOSPUNTO COMDOB SUMA IDENTIFICADOR PARDER PUNTOCOMA

    IDENTIFICADOR   shift and go to state 10


state 7

    (3) expresion -> LLAIZQ LLADER .

    $end            reduce using rule 3 (expresion -> LLAIZQ LLADER .)


state 8

    (1) expresion -> RESERVADA PARIZQ RESERVADA . IDENTIFICADOR ASIGNAR ENTERO PUNTOCOMA IDENTIFICADOR MENORIGUAL ENTERO PUNTOCOMA IDENTIFICADOR PLUSPLUS PARDER LLAIZQ RESERVADA PUNTO IDENTIFICADOR PUNTO RESERVADA PARIZQ COMDOB IDENTIFICADOR DOSPUNTO COMDOB SUMA IDENTIFICADOR PARDER PUNTOCOMA LLADER

    IDENTIFICADOR   shift and go to state 11


state 9

    (4) expresion -> RESERVADA IDENTIFICADOR PARIZQ . PARDER LLAIZQ RESERVADA IDENTIFICADOR IDENTIFICADOR IDENTIFICADOR PUNTOCOMA RESERVADA IDENTIFICADOR PUNTOCOMA RESERVADA IDENTIFICADOR PUNTOCOMA IDENTIFICADOR ASIGNAR IDENTIFICADOR SUMA IDENTIFICADOR PUNTOCOMA RESERVADA PARIZQ COMDOB IDENTIFICADOR COMDOB PARDER RESERVADA PUNTOCOMA LLADER

    PARDER          shift and go to state 12


state 10

    (2) expresion -> RESERVADA PUNTO IDENTIFICADOR . PUNTO RESERVADA PARIZQ COMDOB IDENTIFICADOR DOSPUNTO COMDOB SUMA IDENTIFICADOR PARDER PUNTOCOMA

    PUNTO           shift and go to state 13


state 11

    (1) expresion -> RESERVADA PARIZQ RESERVADA IDENTIFICADOR . ASIGNAR ENTERO PUNTOCOMA IDENTIFICADOR MENORIGUAL ENTERO PUNTOCOMA IDENTIFICADOR PLUSPLUS PARDER LLAIZQ RESERVADA PUNTO IDENTIFICADOR PUNTO RESERVADA PARIZQ COMDOB IDENTIFICADOR DOSPUNTO COMDOB SUMA IDENTIFICADOR PARDER PUNTOCOMA LLADER

    ASIGNAR         shift and go to state 14


state 12

    (4) expresion -> RESERVADA IDENTIFICADOR PARIZQ PARDER . LLAIZQ RESERVADA IDENTIFICADOR IDENTIFICADOR IDENTIFICADOR PUNTOCOMA RESERVADA IDENTIFICADOR PUNTOCOMA RESERVADA IDENTIFICADOR PUNTOCOMA IDENTIFICADOR ASIGNAR IDENTIFICADOR SUMA IDENTIFICADOR PUNTOCOMA RESERVADA PARIZQ COMDOB IDENTIFICADOR COMDOB PARDER RESERVADA PUNTOCOMA LLADER

    LLAIZQ          shift and go to state 15


state 13

    (2) expresion -> RESERVADA PUNTO IDENTIFICADOR PUNTO . RESERVADA PARIZQ COMDOB IDENTIFICADOR DOSPUNTO COMDOB SUMA IDENTIFICADOR PARDER PUNTOCOMA

    RESERVADA       shift and go to state 16


state 14

    (1) expresion -> RESERVADA PARIZQ RESERVADA IDENTIFICADOR ASIGNAR . ENTERO PUNTOCOMA IDENTIFICADOR MENORIGUAL ENTERO PUNTOCOMA IDENTIFICADOR PLUSPLUS PARDER LLAIZQ RESERVADA PUNTO IDENTIFICADOR PUNTO RESERVADA PARIZQ COMDOB IDENTIFICADOR DOSPUNTO COMDOB SUMA IDENTIFICADOR PARDER PUNTOCOMA LLADER

    ENTERO          shift and go to state 17


state 15

    (4) expresion -> RESERVADA IDENTIFICADOR PARIZQ PARDER LLAIZQ . RESERVADA IDENTIFICADOR IDENTIFICADOR IDENTIFICADOR PUNTOCOMA RESERVADA IDENTIFICADOR PUNTOCOMA RESERVADA IDENTIFICADOR PUNTOCOMA IDENTIFICADOR ASIGNAR IDENTIFICADOR SUMA IDENTIFICADOR PUNTOCOMA RESERVADA PARIZQ COMDOB IDENTIFICADOR COMDOB PARDER RESERVADA PUNTOCOMA LLADER

    RESERVADA       shift and go to state 18


state 16

    (2) expresion -> RESERVADA PUNTO IDENTIFICADOR PUNTO RESERVADA . PARIZQ COMDOB IDENTIFICADOR DOSPUNTO COMDOB SUMA IDENTIFICADOR PARDER PUNTOCOMA

    PARIZQ          shift and go to state 19


state 17

    (1) expresion -> RESERVADA PARIZQ RESERVADA IDENTIFICADOR ASIGNAR ENTERO . PUNTOCOMA IDENTIFICADOR MENORIGUAL ENTERO PUNTOCOMA IDENTIFICADOR PLUSPLUS PARDER LLAIZQ RESERVADA PUNTO IDENTIFICADOR PUNTO RESERVADA PARIZQ COMDOB IDENTIFICADOR DOSPUNTO COMDOB SUMA IDENTIFICADOR PARDER PUNTOCOMA LLADER

    PUNTOCOMA       shift and go to state 20


state 18

    (4) expresion -> RESERVADA IDENTIFICADOR PARIZQ PARDER LLAIZQ RESERVADA . IDENTIFICADOR IDENTIFICADOR IDENTIFICADOR PUNTOCOMA RESERVADA IDENTIFICADOR PUNTOCOMA RESERVADA IDENTIFICADOR PUNTOCOMA IDENTIFICADOR ASIGNAR IDENTIFICADOR SUMA IDENTIFICADOR PUNTOCOMA RESERVADA PARIZQ COMDOB IDENTIFICADOR COMDOB PARDER RESERVADA PUNTOCOMA LLADER

    IDENTIFICADOR   shift and go to state 21


state 19

    (2) expresion -> RESERVADA PUNTO IDENTIFICADOR PUNTO RESERVADA PARIZQ . COMDOB IDENTIFICADOR DOSPUNTO COMDOB SUMA IDENTIFICADOR PARDER PUNTOCOMA

    COMDOB          shift and go to state 22


state 20

    (1) expresion -> RESERVADA PARIZQ RESERVADA IDENTIFICADOR ASIGNAR ENTERO PUNTOCOMA . IDENTIFICADOR MENORIGUAL ENTERO PUNTOCOMA IDENTIFICADOR PLUSPLUS PARDER LLAIZQ RESERVADA PUNTO IDENTIFICADOR PUNTO RESERVADA PARIZQ COMDOB IDENTIFICADOR DOSPUNTO COMDOB SUMA IDENTIFICADOR PARDER PUNTOCOMA LLADER

    IDENTIFICADOR   shift and go to state 23


state 21

    (4) expresion -> RESERVADA IDENTIFICADOR PARIZQ PARDER LLAIZQ RESERVADA IDENTIFICADOR . IDENTIFICADOR IDENTIFICADOR PUNTOCOMA RESERVADA IDENTIFICADOR PUNTOCOMA RESERVADA IDENTIFICADOR PUNTOCOMA IDENTIFICADOR ASIGNAR IDENTIFICADOR SUMA IDENTIFICADOR PUNTOCOMA RESERVADA PARIZQ COMDOB IDENTIFICADOR COMDOB PARDER RESERVADA PUNTOCOMA LLADER

    IDENTIFICADOR   shift and go to state 24


state 22

    (2) expresion -> RESERVADA PUNTO IDENTIFICADOR PUNTO RESERVADA PARIZQ COMDOB . IDENTIFICADOR DOSPUNTO COMDOB SUMA IDENTIFICADOR PARDER PUNTOCOMA

    IDENTIFICADOR   shift and go to state 25


state 23

    (1) expresion -> RESERVADA PARIZQ RESERVADA IDENTIFICADOR ASIGNAR ENTERO PUNTOCOMA IDENTIFICADOR . MENORIGUAL ENTERO PUNTOCOMA IDENTIFICADOR PLUSPLUS PARDER LLAIZQ RESERVADA PUNTO IDENTIFICADOR PUNTO RESERVADA PARIZQ COMDOB IDENTIFICADOR DOSPUNTO COMDOB SUMA IDENTIFICADOR PARDER PUNTOCOMA LLADER

    MENORIGUAL      shift and go to state 26


state 24

    (4) expresion -> RESERVADA IDENTIFICADOR PARIZQ PARDER LLAIZQ RESERVADA IDENTIFICADOR IDENTIFICADOR . IDENTIFICADOR PUNTOCOMA RESERVADA IDENTIFICADOR PUNTOCOMA RESERVADA IDENTIFICADOR PUNTOCOMA IDENTIFICADOR ASIGNAR IDENTIFICADOR SUMA IDENTIFICADOR PUNTOCOMA RESERVADA PARIZQ COMDOB IDENTIFICADOR COMDOB PARDER RESERVADA PUNTOCOMA LLADER

    IDENTIFICADOR   shift and go to state 27


state 25

    (2) expresion -> RESERVADA PUNTO IDENTIFICADOR PUNTO RESERVADA PARIZQ COMDOB IDENTIFICADOR . DOSPUNTO COMDOB SUMA IDENTIFICADOR PARDER PUNTOCOMA

    DOSPUNTO        shift and go to state 28


state 26

    (1) expresion -> RESERVADA PARIZQ RESERVADA IDENTIFICADOR ASIGNAR ENTERO PUNTOCOMA IDENTIFICADOR MENORIGUAL . ENTERO PUNTOCOMA IDENTIFICADOR PLUSPLUS PARDER LLAIZQ RESERVADA PUNTO IDENTIFICADOR PUNTO RESERVADA PARIZQ COMDOB IDENTIFICADOR DOSPUNTO COMDOB SUMA IDENTIFICADOR PARDER PUNTOCOMA LLADER

    ENTERO          shift and go to state 29


state 27

    (4) expresion -> RESERVADA IDENTIFICADOR PARIZQ PARDER LLAIZQ RESERVADA IDENTIFICADOR IDENTIFICADOR IDENTIFICADOR . PUNTOCOMA RESERVADA IDENTIFICADOR PUNTOCOMA RESERVADA IDENTIFICADOR PUNTOCOMA IDENTIFICADOR ASIGNAR IDENTIFICADOR SUMA IDENTIFICADOR PUNTOCOMA RESERVADA PARIZQ COMDOB IDENTIFICADOR COMDOB PARDER RESERVADA PUNTOCOMA LLADER

    PUNTOCOMA       shift and go to state 30


state 28

    (2) expresion -> RESERVADA PUNTO IDENTIFICADOR PUNTO RESERVADA PARIZQ COMDOB IDENTIFICADOR DOSPUNTO . COMDOB SUMA IDENTIFICADOR PARDER PUNTOCOMA

    COMDOB          shift and go to state 31


state 29

    (1) expresion -> RESERVADA PARIZQ RESERVADA IDENTIFICADOR ASIGNAR ENTERO PUNTOCOMA IDENTIFICADOR MENORIGUAL ENTERO . PUNTOCOMA IDENTIFICADOR PLUSPLUS PARDER LLAIZQ RESERVADA PUNTO IDENTIFICADOR PUNTO RESERVADA PARIZQ COMDOB IDENTIFICADOR DOSPUNTO COMDOB SUMA IDENTIFICADOR PARDER PUNTOCOMA LLADER

    PUNTOCOMA       shift and go to state 32


state 30

    (4) expresion -> RESERVADA IDENTIFICADOR PARIZQ PARDER LLAIZQ RESERVADA IDENTIFICADOR IDENTIFICADOR IDENTIFICADOR PUNTOCOMA . RESERVADA IDENTIFICADOR PUNTOCOMA RESERVADA IDENTIFICADOR PUNTOCOMA IDENTIFICADOR ASIGNAR IDENTIFICADOR SUMA IDENTIFICADOR PUNTOCOMA RESERVADA PARIZQ COMDOB IDENTIFICADOR COMDOB PARDER RESERVADA PUNTOCOMA LLADER

    RESERVADA       shift and go to state 33


state 31

    (2) expresion -> RESERVADA PUNTO IDENTIFICADOR PUNTO RESERVADA PARIZQ COMDOB IDENTIFICADOR DOSPUNTO COMDOB . SUMA IDENTIFICADOR PARDER PUNTOCOMA

    SUMA            shift and go to state 34


state 32

    (1) expresion -> RESERVADA PARIZQ RESERVADA IDENTIFICADOR ASIGNAR ENTERO PUNTOCOMA IDENTIFICADOR MENORIGUAL ENTERO PUNTOCOMA . IDENTIFICADOR PLUSPLUS PARDER LLAIZQ RESERVADA PUNTO IDENTIFICADOR PUNTO RESERVADA PARIZQ COMDOB IDENTIFICADOR DOSPUNTO COMDOB SUMA IDENTIFICADOR PARDER PUNTOCOMA LLADER

    IDENTIFICADOR   shift and go to state 35


state 33

    (4) expresion -> RESERVADA IDENTIFICADOR PARIZQ PARDER LLAIZQ RESERVADA IDENTIFICADOR IDENTIFICADOR IDENTIFICADOR PUNTOCOMA RESERVADA . IDENTIFICADOR PUNTOCOMA RESERVADA IDENTIFICADOR PUNTOCOMA IDENTIFICADOR ASIGNAR IDENTIFICADOR SUMA IDENTIFICADOR PUNTOCOMA RESERVADA PARIZQ COMDOB IDENTIFICADOR COMDOB PARDER RESERVADA PUNTOCOMA LLADER

    IDENTIFICADOR   shift and go to state 36


state 34

    (2) expresion -> RESERVADA PUNTO IDENTIFICADOR PUNTO RESERVADA PARIZQ COMDOB IDENTIFICADOR DOSPUNTO COMDOB SUMA . IDENTIFICADOR PARDER PUNTOCOMA

    IDENTIFICADOR   shift and go to state 37


state 35

    (1) expresion -> RESERVADA PARIZQ RESERVADA IDENTIFICADOR ASIGNAR ENTERO PUNTOCOMA IDENTIFICADOR MENORIGUAL ENTERO PUNTOCOMA IDENTIFICADOR . PLUSPLUS PARDER LLAIZQ RESERVADA PUNTO IDENTIFICADOR PUNTO RESERVADA PARIZQ COMDOB IDENTIFICADOR DOSPUNTO COMDOB SUMA IDENTIFICADOR PARDER PUNTOCOMA LLADER

    PLUSPLUS        shift and go to state 38


state 36

    (4) expresion -> RESERVADA IDENTIFICADOR PARIZQ PARDER LLAIZQ RESERVADA IDENTIFICADOR IDENTIFICADOR IDENTIFICADOR PUNTOCOMA RESERVADA IDENTIFICADOR . PUNTOCOMA RESERVADA IDENTIFICADOR PUNTOCOMA IDENTIFICADOR ASIGNAR IDENTIFICADOR SUMA IDENTIFICADOR PUNTOCOMA RESERVADA PARIZQ COMDOB IDENTIFICADOR COMDOB PARDER RESERVADA PUNTOCOMA LLADER

    PUNTOCOMA       shift and go to state 39


state 37

    (2) expresion -> RESERVADA PUNTO IDENTIFICADOR PUNTO RESERVADA PARIZQ COMDOB IDENTIFICADOR DOSPUNTO COMDOB SUMA IDENTIFICADOR . PARDER PUNTOCOMA

    PARDER          shift and go to state 40


state 38

    (1) expresion -> RESERVADA PARIZQ RESERVADA IDENTIFICADOR ASIGNAR ENTERO PUNTOCOMA IDENTIFICADOR MENORIGUAL ENTERO PUNTOCOMA IDENTIFICADOR PLUSPLUS . PARDER LLAIZQ RESERVADA PUNTO IDENTIFICADOR PUNTO RESERVADA PARIZQ COMDOB IDENTIFICADOR DOSPUNTO COMDOB SUMA IDENTIFICADOR PARDER PUNTOCOMA LLADER

    PARDER          shift and go to state 41


state 39

    (4) expresion -> RESERVADA IDENTIFICADOR PARIZQ PARDER LLAIZQ RESERVADA IDENTIFICADOR IDENTIFICADOR IDENTIFICADOR PUNTOCOMA RESERVADA IDENTIFICADOR PUNTOCOMA . RESERVADA IDENTIFICADOR PUNTOCOMA IDENTIFICADOR ASIGNAR IDENTIFICADOR SUMA IDENTIFICADOR PUNTOCOMA RESERVADA PARIZQ COMDOB IDENTIFICADOR COMDOB PARDER RESERVADA PUNTOCOMA LLADER

    RESERVADA       shift and go to state 42


state 40

    (2) expresion -> RESERVADA PUNTO IDENTIFICADOR PUNTO RESERVADA PARIZQ COMDOB IDENTIFICADOR DOSPUNTO COMDOB SUMA IDENTIFICADOR PARDER . PUNTOCOMA

    PUNTOCOMA       shift and go to state 43


state 41

    (1) expresion -> RESERVADA PARIZQ RESERVADA IDENTIFICADOR ASIGNAR ENTERO PUNTOCOMA IDENTIFICADOR MENORIGUAL ENTERO PUNTOCOMA IDENTIFICADOR PLUSPLUS PARDER . LLAIZQ RESERVADA PUNTO IDENTIFICADOR PUNTO RESERVADA PARIZQ COMDOB IDENTIFICADOR DOSPUNTO COMDOB SUMA IDENTIFICADOR PARDER PUNTOCOMA LLADER

    LLAIZQ          shift and go to state 44


state 42

    (4) expresion -> RESERVADA IDENTIFICADOR PARIZQ PARDER LLAIZQ RESERVADA IDENTIFICADOR IDENTIFICADOR IDENTIFICADOR PUNTOCOMA RESERVADA IDENTIFICADOR PUNTOCOMA RESERVADA . IDENTIFICADOR PUNTOCOMA IDENTIFICADOR ASIGNAR IDENTIFICADOR SUMA IDENTIFICADOR PUNTOCOMA RESERVADA PARIZQ COMDOB IDENTIFICADOR COMDOB PARDER RESERVADA PUNTOCOMA LLADER

    IDENTIFICADOR   shift and go to state 45


state 43

    (2) expresion -> RESERVADA PUNTO IDENTIFICADOR PUNTO RESERVADA PARIZQ COMDOB IDENTIFICADOR DOSPUNTO COMDOB SUMA IDENTIFICADOR PARDER PUNTOCOMA .

    $end            reduce using rule 2 (expresion -> RESERVADA PUNTO IDENTIFICADOR PUNTO RESERVADA PARIZQ COMDOB IDENTIFICADOR DOSPUNTO COMDOB SUMA IDENTIFICADOR PARDER PUNTOCOMA .)


state 44

    (1) expresion -> RESERVADA PARIZQ RESERVADA IDENTIFICADOR ASIGNAR ENTERO PUNTOCOMA IDENTIFICADOR MENORIGUAL ENTERO PUNTOCOMA IDENTIFICADOR PLUSPLUS PARDER LLAIZQ . RESERVADA PUNTO IDENTIFICADOR PUNTO RESERVADA PARIZQ COMDOB IDENTIFICADOR DOSPUNTO COMDOB SUMA IDENTIFICADOR PARDER PUNTOCOMA LLADER

    RESERVADA       shift and go to state 46


state 45

    (4) expresion -> RESERVADA IDENTIFICADOR PARIZQ PARDER LLAIZQ RESERVADA IDENTIFICADOR IDENTIFICADOR IDENTIFICADOR PUNTOCOMA RESERVADA IDENTIFICADOR PUNTOCOMA RESERVADA IDENTIFICADOR . PUNTOCOMA IDENTIFICADOR ASIGNAR IDENTIFICADOR SUMA IDENTIFICADOR PUNTOCOMA RESERVADA PARIZQ COMDOB IDENTIFICADOR COMDOB PARDER RESERVADA PUNTOCOMA LLADER

    PUNTOCOMA       shift and go to state 47


state 46

    (1) expresion -> RESERVADA PARIZQ RESERVADA IDENTIFICADOR ASIGNAR ENTERO PUNTOCOMA IDENTIFICADOR MENORIGUAL ENTERO PUNTOCOMA IDENTIFICADOR PLUSPLUS PARDER LLAIZQ RESERVADA . PUNTO IDENTIFICADOR PUNTO RESERVADA PARIZQ COMDOB IDENTIFICADOR DOSPUNTO COMDOB SUMA IDENTIFICADOR PARDER PUNTOCOMA LLADER

    PUNTO           shift and go to state 48


state 47

    (4) expresion -> RESERVADA IDENTIFICADOR PARIZQ PARDER LLAIZQ RESERVADA IDENTIFICADOR IDENTIFICADOR IDENTIFICADOR PUNTOCOMA RESERVADA IDENTIFICADOR PUNTOCOMA RESERVADA IDENTIFICADOR PUNTOCOMA . IDENTIFICADOR ASIGNAR IDENTIFICADOR SUMA IDENTIFICADOR PUNTOCOMA RESERVADA PARIZQ COMDOB IDENTIFICADOR COMDOB PARDER RESERVADA PUNTOCOMA LLADER

    IDENTIFICADOR   shift and go to state 49


state 48

    (1) expresion -> RESERVADA PARIZQ RESERVADA IDENTIFICADOR ASIGNAR ENTERO PUNTOCOMA IDENTIFICADOR MENORIGUAL ENTERO PUNTOCOMA IDENTIFICADOR PLUSPLUS PARDER LLAIZQ RESERVADA PUNTO . IDENTIFICADOR PUNTO RESERVADA PARIZQ COMDOB IDENTIFICADOR DOSPUNTO COMDOB SUMA IDENTIFICADOR PARDER PUNTOCOMA LLADER

    IDENTIFICADOR   shift and go to state 50


state 49

    (4) expresion -> RESERVADA IDENTIFICADOR PARIZQ PARDER LLAIZQ RESERVADA IDENTIFICADOR IDENTIFICADOR IDENTIFICADOR PUNTOCOMA RESERVADA IDENTIFICADOR PUNTOCOMA RESERVADA IDENTIFICADOR PUNTOCOMA IDENTIFICADOR . ASIGNAR IDENTIFICADOR SUMA IDENTIFICADOR PUNTOCOMA RESERVADA PARIZQ COMDOB IDENTIFICADOR COMDOB PARDER RESERVADA PUNTOCOMA LLADER

    ASIGNAR         shift and go to state 51


state 50

    (1) expresion -> RESERVADA PARIZQ RESERVADA IDENTIFICADOR ASIGNAR ENTERO PUNTOCOMA IDENTIFICADOR MENORIGUAL ENTERO PUNTOCOMA IDENTIFICADOR PLUSPLUS PARDER LLAIZQ RESERVADA PUNTO IDENTIFICADOR . PUNTO RESERVADA PARIZQ COMDOB IDENTIFICADOR DOSPUNTO COMDOB SUMA IDENTIFICADOR PARDER PUNTOCOMA LLADER

    PUNTO           shift and go to state 52


state 51

    (4) expresion -> RESERVADA IDENTIFICADOR PARIZQ PARDER LLAIZQ RESERVADA IDENTIFICADOR IDENTIFICADOR IDENTIFICADOR PUNTOCOMA RESERVADA IDENTIFICADOR PUNTOCOMA RESERVADA IDENTIFICADOR PUNTOCOMA IDENTIFICADOR ASIGNAR . IDENTIFICADOR SUMA IDENTIFICADOR PUNTOCOMA RESERVADA PARIZQ COMDOB IDENTIFICADOR COMDOB PARDER RESERVADA PUNTOCOMA LLADER

    IDENTIFICADOR   shift and go to state 53


state 52

    (1) expresion -> RESERVADA PARIZQ RESERVADA IDENTIFICADOR ASIGNAR ENTERO PUNTOCOMA IDENTIFICADOR MENORIGUAL ENTERO PUNTOCOMA IDENTIFICADOR PLUSPLUS PARDER LLAIZQ RESERVADA PUNTO IDENTIFICADOR PUNTO . RESERVADA PARIZQ COMDOB IDENTIFICADOR DOSPUNTO COMDOB SUMA IDENTIFICADOR PARDER PUNTOCOMA LLADER

    RESERVADA       shift and go to state 54


state 53

    (4) expresion -> RESERVADA IDENTIFICADOR PARIZQ PARDER LLAIZQ RESERVADA IDENTIFICADOR IDENTIFICADOR IDENTIFICADOR PUNTOCOMA RESERVADA IDENTIFICADOR PUNTOCOMA RESERVADA IDENTIFICADOR PUNTOCOMA IDENTIFICADOR ASIGNAR IDENTIFICADOR . SUMA IDENTIFICADOR PUNTOCOMA RESERVADA PARIZQ COMDOB IDENTIFICADOR COMDOB PARDER RESERVADA PUNTOCOMA LLADER

    SUMA            shift and go to state 55


state 54

    (1) expresion -> RESERVADA PARIZQ RESERVADA IDENTIFICADOR ASIGNAR ENTERO PUNTOCOMA IDENTIFICADOR MENORIGUAL ENTERO PUNTOCOMA IDENTIFICADOR PLUSPLUS PARDER LLAIZQ RESERVADA PUNTO IDENTIFICADOR PUNTO RESERVADA . PARIZQ COMDOB IDENTIFICADOR DOSPUNTO COMDOB SUMA IDENTIFICADOR PARDER PUNTOCOMA LLADER

    PARIZQ          shift and go to state 56


state 55

    (4) expresion -> RESERVADA IDENTIFICADOR PARIZQ PARDER LLAIZQ RESERVADA IDENTIFICADOR IDENTIFICADOR IDENTIFICADOR PUNTOCOMA RESERVADA IDENTIFICADOR PUNTOCOMA RESERVADA IDENTIFICADOR PUNTOCOMA IDENTIFICADOR ASIGNAR IDENTIFICADOR SUMA . IDENTIFICADOR PUNTOCOMA RESERVADA PARIZQ COMDOB IDENTIFICADOR COMDOB PARDER RESERVADA PUNTOCOMA LLADER

    IDENTIFICADOR   shift and go to state 57


state 56

    (1) expresion -> RESERVADA PARIZQ RESERVADA IDENTIFICADOR ASIGNAR ENTERO PUNTOCOMA IDENTIFICADOR MENORIGUAL ENTERO PUNTOCOMA IDENTIFICADOR PLUSPLUS PARDER LLAIZQ RESERVADA PUNTO IDENTIFICADOR PUNTO RESERVADA PARIZQ . COMDOB IDENTIFICADOR DOSPUNTO COMDOB SUMA IDENTIFICADOR PARDER PUNTOCOMA LLADER

    COMDOB          shift and go to state 58


state 57

    (4) expresion -> RESERVADA IDENTIFICADOR PARIZQ PARDER LLAIZQ RESERVADA IDENTIFICADOR IDENTIFICADOR IDENTIFICADOR PUNTOCOMA RESERVADA IDENTIFICADOR PUNTOCOMA RESERVADA IDENTIFICADOR PUNTOCOMA IDENTIFICADOR ASIGNAR IDENTIFICADOR SUMA IDENTIFICADOR . PUNTOCOMA RESERVADA PARIZQ COMDOB IDENTIFICADOR COMDOB PARDER RESERVADA PUNTOCOMA LLADER

    PUNTOCOMA       shift and go to state 59


state 58

    (1) expresion -> RESERVADA PARIZQ RESERVADA IDENTIFICADOR ASIGNAR ENTERO PUNTOCOMA IDENTIFICADOR MENORIGUAL ENTERO PUNTOCOMA IDENTIFICADOR PLUSPLUS PARDER LLAIZQ RESERVADA PUNTO IDENTIFICADOR PUNTO RESERVADA PARIZQ COMDOB . IDENTIFICADOR DOSPUNTO COMDOB SUMA IDENTIFICADOR PARDER PUNTOCOMA LLADER

    IDENTIFICADOR   shift and go to state 60


state 59

    (4) expresion -> RESERVADA IDENTIFICADOR PARIZQ PARDER LLAIZQ RESERVADA IDENTIFICADOR IDENTIFICADOR IDENTIFICADOR PUNTOCOMA RESERVADA IDENTIFICADOR PUNTOCOMA RESERVADA IDENTIFICADOR PUNTOCOMA IDENTIFICADOR ASIGNAR IDENTIFICADOR SUMA IDENTIFICADOR PUNTOCOMA . RESERVADA PARIZQ COMDOB IDENTIFICADOR COMDOB PARDER RESERVADA PUNTOCOMA LLADER

    RESERVADA       shift and go to state 61


state 60

    (1) expresion -> RESERVADA PARIZQ RESERVADA IDENTIFICADOR ASIGNAR ENTERO PUNTOCOMA IDENTIFICADOR MENORIGUAL ENTERO PUNTOCOMA IDENTIFICADOR PLUSPLUS PARDER LLAIZQ RESERVADA PUNTO IDENTIFICADOR PUNTO RESERVADA PARIZQ COMDOB IDENTIFICADOR . DOSPUNTO COMDOB SUMA IDENTIFICADOR PARDER PUNTOCOMA LLADER

    DOSPUNTO        shift and go to state 62


state 61

    (4) expresion -> RESERVADA IDENTIFICADOR PARIZQ PARDER LLAIZQ RESERVADA IDENTIFICADOR IDENTIFICADOR IDENTIFICADOR PUNTOCOMA RESERVADA IDENTIFICADOR PUNTOCOMA RESERVADA IDENTIFICADOR PUNTOCOMA IDENTIFICADOR ASIGNAR IDENTIFICADOR SUMA IDENTIFICADOR PUNTOCOMA RESERVADA . PARIZQ COMDOB IDENTIFICADOR COMDOB PARDER RESERVADA PUNTOCOMA LLADER

    PARIZQ          shift and go to state 63


state 62

    (1) expresion -> RESERVADA PARIZQ RESERVADA IDENTIFICADOR ASIGNAR ENTERO PUNTOCOMA IDENTIFICADOR MENORIGUAL ENTERO PUNTOCOMA IDENTIFICADOR PLUSPLUS PARDER LLAIZQ RESERVADA PUNTO IDENTIFICADOR PUNTO RESERVADA PARIZQ COMDOB IDENTIFICADOR DOSPUNTO . COMDOB SUMA IDENTIFICADOR PARDER PUNTOCOMA LLADER

    COMDOB          shift and go to state 64


state 63

    (4) expresion -> RESERVADA IDENTIFICADOR PARIZQ PARDER LLAIZQ RESERVADA IDENTIFICADOR IDENTIFICADOR IDENTIFICADOR PUNTOCOMA RESERVADA IDENTIFICADOR PUNTOCOMA RESERVADA IDENTIFICADOR PUNTOCOMA IDENTIFICADOR ASIGNAR IDENTIFICADOR SUMA IDENTIFICADOR PUNTOCOMA RESERVADA PARIZQ . COMDOB IDENTIFICADOR COMDOB PARDER RESERVADA PUNTOCOMA LLADER

    COMDOB          shift and go to state 65


state 64

    (1) expresion -> RESERVADA PARIZQ RESERVADA IDENTIFICADOR ASIGNAR ENTERO PUNTOCOMA IDENTIFICADOR MENORIGUAL ENTERO PUNTOCOMA IDENTIFICADOR PLUSPLUS PARDER LLAIZQ RESERVADA PUNTO IDENTIFICADOR PUNTO RESERVADA PARIZQ COMDOB IDENTIFICADOR DOSPUNTO COMDOB . SUMA IDENTIFICADOR PARDER PUNTOCOMA LLADER

    SUMA            shift and go to state 66


state 65

    (4) expresion -> RESERVADA IDENTIFICADOR PARIZQ PARDER LLAIZQ RESERVADA IDENTIFICADOR IDENTIFICADOR IDENTIFICADOR PUNTOCOMA RESERVADA IDENTIFICADOR PUNTOCOMA RESERVADA IDENTIFICADOR PUNTOCOMA IDENTIFICADOR ASIGNAR IDENTIFICADOR SUMA IDENTIFICADOR PUNTOCOMA RESERVADA PARIZQ COMDOB . IDENTIFICADOR COMDOB PARDER RESERVADA PUNTOCOMA LLADER

    IDENTIFICADOR   shift and go to state 67


state 66

    (1) expresion -> RESERVADA PARIZQ RESERVADA IDENTIFICADOR ASIGNAR ENTERO PUNTOCOMA IDENTIFICADOR MENORIGUAL ENTERO PUNTOCOMA IDENTIFICADOR PLUSPLUS PARDER LLAIZQ RESERVADA PUNTO IDENTIFICADOR PUNTO RESERVADA PARIZQ COMDOB IDENTIFICADOR DOSPUNTO COMDOB SUMA . IDENTIFICADOR PARDER PUNTOCOMA LLADER

    IDENTIFICADOR   shift and go to state 68


state 67

    (4) expresion -> RESERVADA IDENTIFICADOR PARIZQ PARDER LLAIZQ RESERVADA IDENTIFICADOR IDENTIFICADOR IDENTIFICADOR PUNTOCOMA RESERVADA IDENTIFICADOR PUNTOCOMA RESERVADA IDENTIFICADOR PUNTOCOMA IDENTIFICADOR ASIGNAR IDENTIFICADOR SUMA IDENTIFICADOR PUNTOCOMA RESERVADA PARIZQ COMDOB IDENTIFICADOR . COMDOB PARDER RESERVADA PUNTOCOMA LLADER

    COMDOB          shift and go to state 69


state 68

    (1) expresion -> RESERVADA PARIZQ RESERVADA IDENTIFICADOR ASIGNAR ENTERO PUNTOCOMA IDENTIFICADOR MENORIGUAL ENTERO PUNTOCOMA IDENTIFICADOR PLUSPLUS PARDER LLAIZQ RESERVADA PUNTO IDENTIFICADOR PUNTO RESERVADA PARIZQ COMDOB IDENTIFICADOR DOSPUNTO COMDOB SUMA IDENTIFICADOR . PARDER PUNTOCOMA LLADER

    PARDER          shift and go to state 70


state 69

    (4) expresion -> RESERVADA IDENTIFICADOR PARIZQ PARDER LLAIZQ RESERVADA IDENTIFICADOR IDENTIFICADOR IDENTIFICADOR PUNTOCOMA RESERVADA IDENTIFICADOR PUNTOCOMA RESERVADA IDENTIFICADOR PUNTOCOMA IDENTIFICADOR ASIGNAR IDENTIFICADOR SUMA IDENTIFICADOR PUNTOCOMA RESERVADA PARIZQ COMDOB IDENTIFICADOR COMDOB . PARDER RESERVADA PUNTOCOMA LLADER

    PARDER          shift and go to state 71


state 70

    (1) expresion -> RESERVADA PARIZQ RESERVADA IDENTIFICADOR ASIGNAR ENTERO PUNTOCOMA IDENTIFICADOR MENORIGUAL ENTERO PUNTOCOMA IDENTIFICADOR PLUSPLUS PARDER LLAIZQ RESERVADA PUNTO IDENTIFICADOR PUNTO RESERVADA PARIZQ COMDOB IDENTIFICADOR DOSPUNTO COMDOB SUMA IDENTIFICADOR PARDER . PUNTOCOMA LLADER

    PUNTOCOMA       shift and go to state 72


state 71

    (4) expresion -> RESERVADA IDENTIFICADOR PARIZQ PARDER LLAIZQ RESERVADA IDENTIFICADOR IDENTIFICADOR IDENTIFICADOR PUNTOCOMA RESERVADA IDENTIFICADOR PUNTOCOMA RESERVADA IDENTIFICADOR PUNTOCOMA IDENTIFICADOR ASIGNAR IDENTIFICADOR SUMA IDENTIFICADOR PUNTOCOMA RESERVADA PARIZQ COMDOB IDENTIFICADOR COMDOB PARDER . RESERVADA PUNTOCOMA LLADER

    RESERVADA       shift and go to state 73


state 72

    (1) expresion -> RESERVADA PARIZQ RESERVADA IDENTIFICADOR ASIGNAR ENTERO PUNTOCOMA IDENTIFICADOR MENORIGUAL ENTERO PUNTOCOMA IDENTIFICADOR PLUSPLUS PARDER LLAIZQ RESERVADA PUNTO IDENTIFICADOR PUNTO RESERVADA PARIZQ COMDOB IDENTIFICADOR DOSPUNTO COMDOB SUMA IDENTIFICADOR PARDER PUNTOCOMA . LLADER

    LLADER          shift and go to state 74


state 73

    (4) expresion -> RESERVADA IDENTIFICADOR PARIZQ PARDER LLAIZQ RESERVADA IDENTIFICADOR IDENTIFICADOR IDENTIFICADOR PUNTOCOMA RESERVADA IDENTIFICADOR PUNTOCOMA RESERVADA IDENTIFICADOR PUNTOCOMA IDENTIFICADOR ASIGNAR IDENTIFICADOR SUMA IDENTIFICADOR PUNTOCOMA RESERVADA PARIZQ COMDOB IDENTIFICADOR COMDOB PARDER RESERVADA . PUNTOCOMA LLADER

    PUNTOCOMA       shift and go to state 75


state 74

    (1) expresion -> RESERVADA PARIZQ RESERVADA IDENTIFICADOR ASIGNAR ENTERO PUNTOCOMA IDENTIFICADOR MENORIGUAL ENTERO PUNTOCOMA IDENTIFICADOR PLUSPLUS PARDER LLAIZQ RESERVADA PUNTO IDENTIFICADOR PUNTO RESERVADA PARIZQ COMDOB IDENTIFICADOR DOSPUNTO COMDOB SUMA IDENTIFICADOR PARDER PUNTOCOMA LLADER .

    $end            reduce using rule 1 (expresion -> RESERVADA PARIZQ RESERVADA IDENTIFICADOR ASIGNAR ENTERO PUNTOCOMA IDENTIFICADOR MENORIGUAL ENTERO PUNTOCOMA IDENTIFICADOR PLUSPLUS PARDER LLAIZQ RESERVADA PUNTO IDENTIFICADOR PUNTO RESERVADA PARIZQ COMDOB IDENTIFICADOR DOSPUNTO COMDOB SUMA IDENTIFICADOR PARDER PUNTOCOMA LLADER .)


state 75

    (4) expresion -> RESERVADA IDENTIFICADOR PARIZQ PARDER LLAIZQ RESERVADA IDENTIFICADOR IDENTIFICADOR IDENTIFICADOR PUNTOCOMA RESERVADA IDENTIFICADOR PUNTOCOMA RESERVADA IDENTIFICADOR PUNTOCOMA IDENTIFICADOR ASIGNAR IDENTIFICADOR SUMA IDENTIFICADOR PUNTOCOMA RESERVADA PARIZQ COMDOB IDENTIFICADOR COMDOB PARDER RESERVADA PUNTOCOMA . LLADER

    LLADER          shift and go to state 76


state 76

    (4) expresion -> RESERVADA IDENTIFICADOR PARIZQ PARDER LLAIZQ RESERVADA IDENTIFICADOR IDENTIFICADOR IDENTIFICADOR PUNTOCOMA RESERVADA IDENTIFICADOR PUNTOCOMA RESERVADA IDENTIFICADOR PUNTOCOMA IDENTIFICADOR ASIGNAR IDENTIFICADOR SUMA IDENTIFICADOR PUNTOCOMA RESERVADA PARIZQ COMDOB IDENTIFICADOR COMDOB PARDER RESERVADA PUNTOCOMA LLADER .

    $end            reduce using rule 4 (expresion -> RESERVADA IDENTIFICADOR PARIZQ PARDER LLAIZQ RESERVADA IDENTIFICADOR IDENTIFICADOR IDENTIFICADOR PUNTOCOMA RESERVADA IDENTIFICADOR PUNTOCOMA RESERVADA IDENTIFICADOR PUNTOCOMA IDENTIFICADOR ASIGNAR IDENTIFICADOR SUMA IDENTIFICADOR PUNTOCOMA RESERVADA PARIZQ COMDOB IDENTIFICADOR COMDOB PARDER RESERVADA PUNTOCOMA LLADER .)

